2024-05-19T16:34:02.457478-0300 INFO Chamando função 'soma' com args (2, 3) e kwargs {} utils_log.py
2024-05-19T16:34:02.457632-0300 INFO Função 'soma' retornou 5 utils_log.py
2024-05-19T16:34:02.457682-0300 INFO Chamando função 'soma' com args (1, 2) e kwargs {} utils_log.py
2024-05-19T16:34:02.457721-0300 INFO Função 'soma' retornou 3 utils_log.py
2024-05-19T16:34:02.457756-0300 INFO Chamando função 'soma' com args (2, '7') e kwargs {} utils_log.py
2024-05-19T16:34:02.457793-0300 ERROR Exceção capturada em 'soma': unsupported operand type(s) for +: 'int' and 'str' utils_log.py
Traceback (most recent call last):

  File "/Users/samuelnatividade/Desktop/Projetos/bootcamp_python_sql/aula09/exemplo_00.py", line 9, in <module>
    soma(2,'7')
    └ <function soma at 0x1024d4fe0>

> File "/Users/samuelnatividade/Desktop/Projetos/bootcamp_python_sql/aula09/utils_log.py", line 27, in wrapper
    result = func(*args, **kwargs)
             │     │       └ {}
             │     └ (2, '7')
             └ <function soma at 0x102482340>

  File "/Users/samuelnatividade/Desktop/Projetos/bootcamp_python_sql/aula09/exemplo_00.py", line 5, in soma
    return x + y
           │   └ '7'
           └ 2

TypeError: unsupported operand type(s) for +: 'int' and 'str'
2024-05-19T16:34:18.288877-0300 INFO Chamando função 'soma' com args (2, 3) e kwargs {} utils_log.py
2024-05-19T16:34:18.288985-0300 INFO Função 'soma' retornou 5 utils_log.py
2024-05-19T16:34:18.289034-0300 INFO Chamando função 'soma' com args (1, 2) e kwargs {} utils_log.py
2024-05-19T16:34:18.289068-0300 INFO Função 'soma' retornou 3 utils_log.py
